6 11 9664 15 1 50000
16 13 6872 15 1 50000
10 3 9498 37 1 50000
2 17 4510 14 1 50000
14 1 7383 11 1 50000
20 15 8072 27 1 50000
10 1 5856 37 1 50000
15 5 1350 27 1 50000
4 15 5314 27 1 50000
19 3 1890 8 1 50000
3 12 7970 8 1 50000
15 12 9619 27 1 50000
15 7 5494 27 1 50000
19 4 3120 8 1 50000
2 18 3982 14 1 50000
3 11 266 5 1 50000
8 14 4441 13 1 50000
9 15 1920 27 1 50000
16 17 3613 15 1 50000
19 7 6096 15 1 50000
6 20 2794 15 1 50000
15 8 5449 27 1 50000
10 12 6982 37 1 50000
12 6 1019 15 1 50000
10 10 1649 0 1 50000
14 17 2398 14 1 50000
7 18 3585 15 1 50000
9 3 742 13 1 50000
19 4 9403 8 1 50000
16 15 8753 27 1 50000
14 2 9866 11 1 50000
1 16 1213 15 1 50000
19 5 438 8 1 50000
20 16 2039 15 1 50000
6 7 3089 15 1 50000
13 12 9935 8 1 50000
3 7 9437 15 1 50000
3 11 1962 5 1 50000
17 9 6410 14 1 50000
7 8 1500 15 1 50000
10 3 6065 37 1 50000
16 8 1902 15 1 50000
13 9 597 9 1 50000
13 8 9921 8 1 50000
9 1 355 13 1 50000
18 15 3189 27 1 50000
14 17 3031 14 1 50000
2 3 2030 0 1 50000
5 7 7852 15 1 50000
17 15 3451 27 1 50000
15 11 1001 27 1 50000
20 1 374 13 1 50000
19 6 8917 15 1 50000
12 12 6974 0 1 50000
1 17 1663 14 1 50000
3 2 4259 5 1 50000
12 11 1147 8 1 50000
1 14 3619 0 1 50000
8 2 1180 13 1 50000
19 18 4933 14 1 50000
10 15 5740 37 1 50000
2 16 7145 15 1 50000
9 14 2955 13 1 50000
2 17 1001 14 1 50000
10 20 8252 37 1 50000
6 20 7654 15 1 50000
9 12 646 9 1 50000
9 6 9773 15 1 50000
7 4 1654 15 1 50000
13 18 6411 14 1 50000
13 14 3267 8 1 50000
8 10 4263 37 1 50000
5 4 5875 8 1 50000
14 13 7705 11 1 50000
15 12 9336 27 1 50000
11 11 2776 0 1 50000
8 15 3333 27 1 50000
6 16 952 15 1 50000
8 17 2593 14 1 50000
13 12 2654 8 1 50000
17 12 5609 14 1 50000
15 7 8675 27 1 50000
16 14 4108 15 1 50000
8 15 1921 27 1 50000
4 5 9778 13 1 50000
9 19 7247 13 1 50000
7 15 2865 27 1 50000
15 17 217 27 1 50000
7 5 7728 15 1 50000
18 5 6716 14 1 50000
14 7 9325 0 1 50000
14 15 8333 27 1 50000
14 4 5103 11 1 50000
18 19 5852 14 1 50000
20 4 6368 11 1 50000
18 13 4112 14 1 50000
20 17 2514 0 1 50000
7 15 9185 27 1 50000
12 12 204 0 1 50000
20 3 7504 13 1 50000
11 1 1296 13 1 50000
8 13 5504 13 1 50000
20 4 749 11 1 50000
17 15 8919 27 1 50000
3 6 4602 15 1 50000
8 15 2210 27 1 50000
5 2 3935 2 1 50000
18 11 7895 14 1 50000
1 9 5771 9 1 50000
11 6 9997 15 1 50000
3 12 4717 8 1 50000
9 4 5886 9 1 50000
4 19 9672 13 1 50000
14 19 2169 11 1 50000
1 11 5084 1 1 50000
14 3 6358 11 1 50000
6 6 6790 0 1 50000
2 9 1323 9 1 50000
17 12 25 14 1 50000
2 7 9742 15 1 50000
6 9 3151 15 1 50000
20 14 5479 13 1 50000
10 18 2623 37 1 50000
20 6 3923 15 1 50000
20 1 3656 13 1 50000
20 18 7343 11 1 50000
7 9 6204 15 1 50000
2 8 9309 2 1 50000
16 13 6790 15 1 50000
5 4 517 8 1 50000
11 9 6591 9 1 50000
8 17 9298 14 1 50000
12 6 6853 15 1 50000
1 18 767 14 1 50000
11 16 2715 15 1 50000
20 12 7297 11 1 50000
15 18 1047 27 1 50000
11 4 4248 1 1 50000
18 5 2584 14 1 50000
20 12 7314 11 1 50000
